{"/Users/tonilachmaniucu/Desktop/btc-block-er/components/AddressData/AddressDataSection.js": {"path":"/Users/tonilachmaniucu/Desktop/btc-block-er/components/AddressData/AddressDataSection.js","statementMap":{"0":{"start":{"line":7,"column":4},"end":{"line":25,"column":6}}},"fnMap":{"0":{"name":"(anonymous_0)","decl":{"start":{"line":6,"column":2},"end":{"line":6,"column":3}},"loc":{"start":{"line":6,"column":11},"end":{"line":26,"column":3}},"line":6}},"branchMap":{},"s":{"0":4},"f":{"0":4},"b":{},"_coverageSchema":"43e27e138ebf9cfc5966b082cf9a028302ed4184","hash":"b90393e2e19a1b7a1664f63cae1e60afb2818ec8"}
,"/Users/tonilachmaniucu/Desktop/btc-block-er/components/AddressData/DataList/DataListElement.js": {"path":"/Users/tonilachmaniucu/Desktop/btc-block-er/components/AddressData/DataList/DataListElement.js","statementMap":{"0":{"start":{"line":6,"column":4},"end":{"line":35,"column":6}}},"fnMap":{"0":{"name":"(anonymous_0)","decl":{"start":{"line":5,"column":2},"end":{"line":5,"column":3}},"loc":{"start":{"line":5,"column":11},"end":{"line":36,"column":3}},"line":5}},"branchMap":{"0":{"loc":{"start":{"line":19,"column":21},"end":{"line":19,"column":73}},"type":"cond-expr","locations":[{"start":{"line":19,"column":58},"end":{"line":19,"column":65}},{"start":{"line":19,"column":68},"end":{"line":19,"column":73}}],"line":19},"1":{"loc":{"start":{"line":24,"column":13},"end":{"line":24,"column":58}},"type":"cond-expr","locations":[{"start":{"line":24,"column":50},"end":{"line":24,"column":53}},{"start":{"line":24,"column":56},"end":{"line":24,"column":58}}],"line":24}},"s":{"0":2},"f":{"0":2},"b":{"0":[2,0],"1":[2,0]},"_coverageSchema":"43e27e138ebf9cfc5966b082cf9a028302ed4184","hash":"49ef97afcb4896a020fe2b081a0f2388de3effb0"}
,"/Users/tonilachmaniucu/Desktop/btc-block-er/components/AddressData/DataList/TransactionDataList.js": {"path":"/Users/tonilachmaniucu/Desktop/btc-block-er/components/AddressData/DataList/TransactionDataList.js","statementMap":{"0":{"start":{"line":6,"column":4},"end":{"line":12,"column":6}},"1":{"start":{"line":9,"column":10},"end":{"line":9,"column":46}}},"fnMap":{"0":{"name":"(anonymous_0)","decl":{"start":{"line":5,"column":2},"end":{"line":5,"column":3}},"loc":{"start":{"line":5,"column":11},"end":{"line":13,"column":3}},"line":5},"1":{"name":"(anonymous_1)","decl":{"start":{"line":8,"column":37},"end":{"line":8,"column":38}},"loc":{"start":{"line":9,"column":10},"end":{"line":9,"column":46}},"line":9}},"branchMap":{},"s":{"0":3,"1":2},"f":{"0":3,"1":2},"b":{},"_coverageSchema":"43e27e138ebf9cfc5966b082cf9a028302ed4184","hash":"ccbd1e31f734b3dfab26d6593ac69df41eaa3d05"}
,"/Users/tonilachmaniucu/Desktop/btc-block-er/components/Charts/BalanceHistoryChart.js": {"path":"/Users/tonilachmaniucu/Desktop/btc-block-er/components/Charts/BalanceHistoryChart.js","statementMap":{"0":{"start":{"line":6,"column":4},"end":{"line":6,"column":17}},"1":{"start":{"line":7,"column":4},"end":{"line":7,"column":49}},"2":{"start":{"line":8,"column":4},"end":{"line":8,"column":23}},"3":{"start":{"line":9,"column":4},"end":{"line":9,"column":41}},"4":{"start":{"line":13,"column":4},"end":{"line":13,"column":26}},"5":{"start":{"line":14,"column":4},"end":{"line":14,"column":28}},"6":{"start":{"line":15,"column":4},"end":{"line":15,"column":29}},"7":{"start":{"line":16,"column":4},"end":{"line":16,"column":58}},"8":{"start":{"line":20,"column":4},"end":{"line":20,"column":29}},"9":{"start":{"line":23,"column":16},"end":{"line":27,"column":3}},"10":{"start":{"line":24,"column":4},"end":{"line":24,"column":62}},"11":{"start":{"line":25,"column":4},"end":{"line":25,"column":64}},"12":{"start":{"line":26,"column":4},"end":{"line":26,"column":27}},"13":{"start":{"line":29,"column":22},"end":{"line":66,"column":3}},"14":{"start":{"line":30,"column":19},"end":{"line":30,"column":90}},"15":{"start":{"line":30,"column":47},"end":{"line":30,"column":85}},"16":{"start":{"line":31,"column":23},"end":{"line":31,"column":78}},"17":{"start":{"line":31,"column":51},"end":{"line":31,"column":77}},"18":{"start":{"line":32,"column":4},"end":{"line":32,"column":81}},"19":{"start":{"line":33,"column":4},"end":{"line":33,"column":83}},"20":{"start":{"line":35,"column":16},"end":{"line":35,"column":65}},"21":{"start":{"line":36,"column":4},"end":{"line":65,"column":7}},"22":{"start":{"line":69,"column":4},"end":{"line":76,"column":6}}},"fnMap":{"0":{"name":"(anonymous_0)","decl":{"start":{"line":5,"column":2},"end":{"line":5,"column":3}},"loc":{"start":{"line":5,"column":21},"end":{"line":10,"column":3}},"line":5},"1":{"name":"(anonymous_1)","decl":{"start":{"line":12,"column":2},"end":{"line":12,"column":3}},"loc":{"start":{"line":12,"column":23},"end":{"line":17,"column":3}},"line":12},"2":{"name":"(anonymous_2)","decl":{"start":{"line":19,"column":2},"end":{"line":19,"column":3}},"loc":{"start":{"line":19,"column":22},"end":{"line":21,"column":3}},"line":19},"3":{"name":"(anonymous_3)","decl":{"start":{"line":23,"column":16},"end":{"line":23,"column":17}},"loc":{"start":{"line":23,"column":22},"end":{"line":27,"column":3}},"line":23},"4":{"name":"(anonymous_4)","decl":{"start":{"line":29,"column":22},"end":{"line":29,"column":23}},"loc":{"start":{"line":29,"column":28},"end":{"line":66,"column":3}},"line":29},"5":{"name":"(anonymous_5)","decl":{"start":{"line":30,"column":41},"end":{"line":30,"column":42}},"loc":{"start":{"line":30,"column":47},"end":{"line":30,"column":85}},"line":30},"6":{"name":"(anonymous_6)","decl":{"start":{"line":31,"column":45},"end":{"line":31,"column":46}},"loc":{"start":{"line":31,"column":51},"end":{"line":31,"column":77}},"line":31},"7":{"name":"(anonymous_7)","decl":{"start":{"line":68,"column":2},"end":{"line":68,"column":3}},"loc":{"start":{"line":68,"column":11},"end":{"line":77,"column":3}},"line":68}},"branchMap":{},"s":{"0":0,"1":0,"2":0,"3":0,"4":0,"5":0,"6":0,"7":0,"8":0,"9":0,"10":0,"11":0,"12":0,"13":0,"14":0,"15":0,"16":0,"17":0,"18":0,"19":0,"20":0,"21":0,"22":0},"f":{"0":0,"1":0,"2":0,"3":0,"4":0,"5":0,"6":0,"7":0},"b":{},"_coverageSchema":"43e27e138ebf9cfc5966b082cf9a028302ed4184","hash":"ddcf6d911042901c152e03847610107cae760bb3"}
,"/Users/tonilachmaniucu/Desktop/btc-block-er/utilities/countryToCurrency.js": {"path":"/Users/tonilachmaniucu/Desktop/btc-block-er/utilities/countryToCurrency.js","statementMap":{"0":{"start":{"line":1,"column":16},"end":{"line":7,"column":1}},"1":{"start":{"line":8,"column":15},"end":{"line":18,"column":1}},"2":{"start":{"line":9,"column":14},"end":{"line":9,"column":30}},"3":{"start":{"line":11,"column":2},"end":{"line":15,"column":3}},"4":{"start":{"line":12,"column":4},"end":{"line":14,"column":5}},"5":{"start":{"line":13,"column":6},"end":{"line":13,"column":17}},"6":{"start":{"line":17,"column":2},"end":{"line":17,"column":15}}},"fnMap":{"0":{"name":"(anonymous_0)","decl":{"start":{"line":8,"column":15},"end":{"line":8,"column":16}},"loc":{"start":{"line":8,"column":28},"end":{"line":18,"column":1}},"line":8}},"branchMap":{"0":{"loc":{"start":{"line":11,"column":2},"end":{"line":15,"column":3}},"type":"if","locations":[{"start":{"line":11,"column":2},"end":{"line":15,"column":3}},{"start":{"line":11,"column":2},"end":{"line":15,"column":3}}],"line":11},"1":{"loc":{"start":{"line":12,"column":4},"end":{"line":14,"column":5}},"type":"if","locations":[{"start":{"line":12,"column":4},"end":{"line":14,"column":5}},{"start":{"line":12,"column":4},"end":{"line":14,"column":5}}],"line":12},"2":{"loc":{"start":{"line":12,"column":8},"end":{"line":12,"column":35}},"type":"binary-expr","locations":[{"start":{"line":12,"column":8},"end":{"line":12,"column":24}},{"start":{"line":12,"column":28},"end":{"line":12,"column":35}}],"line":12}},"s":{"0":1,"1":1,"2":2,"3":2,"4":1,"5":1,"6":1},"f":{"0":2},"b":{"0":[1,1],"1":[1,0],"2":[1,1]},"_coverageSchema":"43e27e138ebf9cfc5966b082cf9a028302ed4184","hash":"a309deb62987b6dd0a4a9ee45f5783c86f6afa8f"}
,"/Users/tonilachmaniucu/Desktop/btc-block-er/utilities/txDateOptions.js": {"path":"/Users/tonilachmaniucu/Desktop/btc-block-er/utilities/txDateOptions.js","statementMap":{},"fnMap":{},"branchMap":{},"s":{},"f":{},"b":{},"_coverageSchema":"43e27e138ebf9cfc5966b082cf9a028302ed4184","hash":"acc53e1e21d35036520a3965e886a76f51e17661"}
}
